ERROR D:\workspace\dev_tools\json_patcher\json_patcher\sample_workspace\dummy\libs\dummy_lib.c: File not found
INFO D:\workspace\dev_tools\json_patcher\json_patcher\sample_workspace\dummy\libs\libcpp.cpp: replacements 1 occurrences. '#include <stdio.h>' -> '//replace here \n#include <stdio.h>'
INFO D:\workspace\dev_tools\json_patcher\json_patcher\sample_workspace\dummy\libs\libcpp.cpp: replacements 1 occurrences. 'int main() {' -> '//replace 2 here \nint main() {'
WARNING D:\workspace\dev_tools\json_patcher\json_patcher\sample_workspace\dummy\libs\libcpp.cpp: replacements 0 occurrences. 'have to be failed' -> '//replace 2 here \nint main() {'
INFO D:\workspace\dev_tools\json_patcher\json_patcher\sample_workspace\dummy\libs\libcpp.cpp: inserts_afterstring 1 occurrences. 'FILE *file;' -> '// inserts_afterstring here'
INFO D:\workspace\dev_tools\json_patcher\json_patcher\sample_workspace\dummy\libs\libcpp.cpp: inserts_afterstring 1 occurrences. 'char ch;' -> '// inserts_afterstring here'
INFO D:\workspace\dev_tools\json_patcher\json_patcher\sample_workspace\dummy\libs\libcpp.cpp: insert_beforestring 1 occurrences. 'putchar(ch);' -> '// insert_beforestring here \nputchar(ch);'
INFO D:\workspace\dev_tools\json_patcher\json_patcher\sample_workspace\dummy\libs\libcpp.cpp: insert_beforestring 2 occurrences. 'ch = fgetc(file);' -> '// insert_beforestring here \nch = fgetc(file);'
INFO D:\workspace\dev_tools\json_patcher\json_patcher\sample_workspace\dummy\libs\libcpp.cpp: regex_replacements 2 occurrences. '0x.*?;' -> '0xFF // regex_pattern1'
INFO D:\workspace\dev_tools\json_patcher\json_patcher\sample_workspace\dummy\libs\libcpp2.cpp: replacements 1 occurrences. '#include <stdio.h>' -> '//replace here \n#include <stdio.h>'
INFO D:\workspace\dev_tools\json_patcher\json_patcher\sample_workspace\dummy\libs\libcpp2.cpp: replacements 1 occurrences. 'int main() {' -> '//replace 2 here \nint main() {'
WARNING D:\workspace\dev_tools\json_patcher\json_patcher\sample_workspace\dummy\libs\libcpp2.cpp: replacements 0 occurrences. 'have to be failed' -> '//replace 2 here \nint main() {'
INFO D:\workspace\dev_tools\json_patcher\json_patcher\sample_workspace\dummy\libs\libcpp2.cpp: inserts_afterstring 1 occurrences. 'FILE *file;' -> '// inserts_afterstring here'
INFO D:\workspace\dev_tools\json_patcher\json_patcher\sample_workspace\dummy\libs\libcpp2.cpp: inserts_afterstring 1 occurrences. 'char ch;' -> '// inserts_afterstring here'
INFO D:\workspace\dev_tools\json_patcher\json_patcher\sample_workspace\dummy\libs\libcpp2.cpp: insert_beforestring 1 occurrences. 'putchar(ch);' -> '// insert_beforestring here \nputchar(ch);'
INFO D:\workspace\dev_tools\json_patcher\json_patcher\sample_workspace\dummy\libs\libcpp2.cpp: insert_beforestring 2 occurrences. 'ch = fgetc(file);' -> '// insert_beforestring here \nch = fgetc(file);'
INFO D:\workspace\dev_tools\json_patcher\json_patcher\sample_workspace\dummy\libs\libcpp2.cpp: regex_replacements 2 occurrences. '0x.*?;' -> '0xFF // regex_pattern1'
INFO D:\workspace\dev_tools\json_patcher\json_patcher\sample_workspace\dummy\libs\module\module.cpp: replacements 1 occurrences. '#include <stdio.h>' -> '//replace here \n#include <stdio.h>'
INFO D:\workspace\dev_tools\json_patcher\json_patcher\sample_workspace\dummy\libs\module\module.cpp: replacements 1 occurrences. 'int main() {' -> '//replace 2 here \nint main() {'
WARNING D:\workspace\dev_tools\json_patcher\json_patcher\sample_workspace\dummy\libs\module\module.cpp: replacements 0 occurrences. 'have to be failed' -> '//replace 2 here \nint main() {'
INFO D:\workspace\dev_tools\json_patcher\json_patcher\sample_workspace\dummy\libs\module\module.cpp: inserts_afterstring 1 occurrences. 'FILE *file;' -> '// inserts_afterstring here'
INFO D:\workspace\dev_tools\json_patcher\json_patcher\sample_workspace\dummy\libs\module\module.cpp: inserts_afterstring 1 occurrences. 'char ch;' -> '// inserts_afterstring here'
INFO D:\workspace\dev_tools\json_patcher\json_patcher\sample_workspace\dummy\libs\module\module.cpp: insert_beforestring 1 occurrences. 'putchar(ch);' -> '// insert_beforestring here \nputchar(ch);'
INFO D:\workspace\dev_tools\json_patcher\json_patcher\sample_workspace\dummy\libs\module\module.cpp: insert_beforestring 2 occurrences. 'ch = fgetc(file);' -> '// insert_beforestring here \nch = fgetc(file);'
INFO D:\workspace\dev_tools\json_patcher\json_patcher\sample_workspace\dummy\libs\module\module.cpp: regex_replacements 2 occurrences. '0x.*?;' -> '0xFF // regex_pattern1'
ERROR D:\workspace\dev_tools\json_patcher\json_patcher\sample_workspace\dummy/include\dummy_not_here.h: File not found
INFO D:\workspace\dev_tools\json_patcher\json_patcher\sample_workspace\dummy\dummy.c: replacements 1 occurrences. '#include <stdio.h>' -> '//replace here \n#include <stdio.h>'
INFO D:\workspace\dev_tools\json_patcher\json_patcher\sample_workspace\dummy\dummy.c: replacements 1 occurrences. 'int main() {' -> '//replace 2 here \nint main() {'
WARNING D:\workspace\dev_tools\json_patcher\json_patcher\sample_workspace\dummy\dummy.c: replacements 0 occurrences. 'have to be failed' -> '//replace 2 here \nint main() {'
INFO D:\workspace\dev_tools\json_patcher\json_patcher\sample_workspace\dummy\dummy.c: inserts_afterstring 1 occurrences. 'FILE *file;' -> '// inserts_afterstring here'
INFO D:\workspace\dev_tools\json_patcher\json_patcher\sample_workspace\dummy\dummy.c: inserts_afterstring 1 occurrences. 'char ch;' -> '// inserts_afterstring here'
INFO D:\workspace\dev_tools\json_patcher\json_patcher\sample_workspace\dummy\dummy.c: insert_beforestring 1 occurrences. 'putchar(ch);' -> '// insert_beforestring here \nputchar(ch);'
INFO D:\workspace\dev_tools\json_patcher\json_patcher\sample_workspace\dummy\dummy.c: insert_beforestring 2 occurrences. 'ch = fgetc(file);' -> '// insert_beforestring here \nch = fgetc(file);'
INFO D:\workspace\dev_tools\json_patcher\json_patcher\sample_workspace\dummy\dummy.c: regex_replacements 2 occurrences. '0x.*?;' -> '0xFF // regex_pattern1'
INFO D:\workspace\dev_tools\json_patcher\json_patcher\sample_workspace\dummy/include\dummy.h: replacements 1 occurrences. '#ifndef DUMMY_H' -> '#ifndef DUMMY_H // replacement 1'
INFO D:\workspace\dev_tools\json_patcher\json_patcher\sample_workspace\dummy/include\dummy.h: replacements 1 occurrences. '#define DUMMY_H' -> '#define DUMMY_H // replacement 2'
WARNING D:\workspace\dev_tools\json_patcher\json_patcher\sample_workspace\dummy/include\dummy.h: replacements 0 occurrences. 'one more failed' -> '#define DUMMY_H // replacement 2'
INFO D:\workspace\dev_tools\json_patcher\json_patcher\sample_workspace\dummy/include\dummy.h: inserts_afterstring 1 occurrences. '// Function declarations' -> ' insert_afterstring1'
INFO D:\workspace\dev_tools\json_patcher\json_patcher\sample_workspace\dummy/include\dummy.h: insert_beforestring 1 occurrences. 'void printHello();' -> '// insert_beforestring1 \nvoid printHello();'
ERROR D:\workspace\dev_tools\json_patcher\json_patcher\sample_workspace\dummy/include\dummy_not_here_too.h: File not found
